{
  "RSpec": {
    "coverage": {
      "/home/dependable-machine-9949/tic-tac-toe-rb-ruby-intro-000/lib/tic_tac_toe.rb": [
        1,
        null,
        1,
        26,
        26,
        26,
        26,
        26,
        null,
        null,
        1,
        9340,
        null,
        null,
        1,
        24,
        null,
        null,
        1,
        9342,
        null,
        null,
        1,
        9340,
        null,
        null,
        1,
        9338,
        9337,
        9337,
        9337,
        21,
        21,
        null,
        9316,
        null,
        null,
        null,
        1,
        23,
        23,
        207,
        34,
        null,
        null,
        23,
        null,
        null,
        1,
        22,
        15,
        null,
        7,
        null,
        null,
        null,
        1,
        46,
        46,
        280,
        16,
        264,
        6,
        null,
        null,
        24,
        null,
        null,
        1,
        35,
        168,
        25,
        null,
        null,
        10,
        null,
        null,
        1,
        11,
        5,
        6,
        4,
        null,
        null,
        null,
        1,
        23,
        4,
        19,
        14,
        null,
        5,
        null,
        null,
        null,
        1,
        7,
        null,
        null,
        6,
        null,
        null,
        null,
        1,
        12,
        20,
        null,
        null,
        11,
        5,
        6,
        2,
        null,
        null
      ]
    },
    "timestamp": 1599857620
  }
}
