{
  "RSpec": {
    "coverage": {
      "/home/dependable-machine-9949/tic-tac-toe-rb-ruby-intro-000/lib/tic_tac_toe.rb": [
        1,
        null,
        1,
        5,
        5,
        5,
        5,
        5,
        null,
        null,
        1,
        6,
        null,
        null,
        1,
        3,
        null,
        null,
        1,
        8,
        null,
        null,
        1,
        6,
        null,
        null,
        1,
        3,
        3,
        3,
        3,
        2,
        0,
        null,
        1,
        null,
        null,
        null,
        1,
        5,
        5,
        45,
        6,
        null,
        null,
        5,
        null,
        null,
        1,
        4,
        3,
        null,
        1,
        null,
        null,
        null,
        1,
        11,
        11,
        76,
        4,
        72,
        2,
        null,
        null,
        5,
        null,
        null,
        1,
        9,
        60,
        3,
        null,
        null,
        6,
        null,
        null,
        1,
        5,
        1,
        4,
        2,
        null,
        null,
        null,
        1,
        3,
        2,
        1,
        1,
        null,
        0,
        null,
        null,
        null,
        1,
        3,
        null,
        null,
        2,
        null,
        null
      ]
    },
    "timestamp": 1599854420
  }
}
